<?xml version="1.0" encoding="UTF-8"?>
<testsuite xmlns:xsi="http://www.w3.org/2001/XMLSchema-instance" xsi:noNamespaceSchemaLocation="https://maven.apache.org/surefire/maven-surefire-plugin/xsd/surefire-test-report.xsd" version="3.0.2" name="com.project.converter.ConverterAppTest" time="0.129" tests="14" errors="0" skipped="0" failures="0">
  <properties>
[...]
</properties>
  <testcase name="exceptionOnBlankMarketName" classname="com.project.converter.ConverterAppTest" time="0.082"/>
  <testcase name="exceptionOnUnknownTotalSelection" classname="com.project.converter.ConverterAppTest" time="0.007"/>
  <testcase name="testFullJsonExample" classname="com.project.converter.ConverterAppTest" time="0.005"/>
  <testcase name="exceptionOnBlankEventId" classname="com.project.converter.ConverterAppTest" time="0.002"/>
  <testcase name="testBttsMarket" classname="com.project.converter.ConverterAppTest" time="0.002"/>
  <testcase name="testTotalFirstHalf" classname="com.project.converter.ConverterAppTest" time="0.002"/>
  <testcase name="testTotalIntegerSpecifier" classname="com.project.converter.ConverterAppTest" time="0.001"/>
  <testcase name="testSpecifiersJsonShape" classname="com.project.converter.ConverterAppTest" time="0.011"/>
  <testcase name="exceptionOnEmptySelections" classname="com.project.converter.ConverterAppTest" time="0.002"/>
  <testcase name="testTotalDecimalSpecifier" classname="com.project.converter.ConverterAppTest" time="0.001"/>
  <testcase name="exceptionOnUnknownHandicapSelection" classname="com.project.converter.ConverterAppTest" time="0.001"/>
  <testcase name="testHandicapHalfMarkets" classname="com.project.converter.ConverterAppTest" time="0.002"/>
  <testcase name="testCaseInsensitiveAndOrder" classname="com.project.converter.ConverterAppTest" time="0.001"/>
  <testcase name="testHandicapSpecifierAbsolute" classname="com.project.converter.ConverterAppTest" time="0.002"/>
</testsuite>